The system is: Windows - 10.0.21343 - AMD64
Compiling the C compiler identification source file "CMakeCCompilerId.c" succeeded.
Compiler: C:/Program Files (x86)/Microsoft Visual Studio/2017/BuildTools/VC/Tools/MSVC/14.16.27023/bin/Hostx86/x86/cl.exe 
Build flags: 
Id flags:  

The output was:
0
Microsoft (R) C/C++ Optimizing Compiler Version 19.16.27045 for x86
Copyright (C) Microsoft Corporation.  All rights reserved.

CMakeCCompilerId.c
Microsoft (R) Incremental Linker Version 14.16.27045.0
Copyright (C) Microsoft Corporation.  All rights reserved.

/out:CMakeCCompilerId.exe 
CMakeCCompilerId.obj 


Compilation of the C compiler identification source "CMakeCCompilerId.c" produced "CMakeCCompilerId.exe"

Compilation of the C compiler identification source "CMakeCCompilerId.c" produced "CMakeCCompilerId.obj"

The C compiler identification is MSVC, found in "C:/Users/shako/CLionProjects/odd_even_counts/cmake-build-debug/CMakeFiles/3.17.5/CompilerIdC/CMakeCCompilerId.exe"

Determining if the C compiler works passed with the following output:
Change Dir: C:/Users/shako/CLionProjects/odd_even_counts/cmake-build-debug/CMakeFiles/CMakeTmp

Run Build Command(s):nmake /nologo cmTC_4a8e2\fast && 	"C:\Program Files (x86)\Microsoft Visual Studio\2017\BuildTools\VC\Tools\MSVC\14.16.27023\bin\HostX86\x86\nmake.exe"  -f CMakeFiles\cmTC_4a8e2.dir\build.make /nologo -L                  CMakeFiles\cmTC_4a8e2.dir\build
Building C object CMakeFiles/cmTC_4a8e2.dir/testCCompiler.c.obj
	C:\PROGRA~2\MICROS~3\2017\BUILDT~1\VC\Tools\MSVC\1416~1.270\bin\Hostx86\x86\cl.exe @C:\Users\shako\AppData\Local\Temp\nmC082.tmp
testCCompiler.c
Linking C executable cmTC_4a8e2.exe
	C:\Users\shako\AppData\Local\JetBrains\Toolbox\apps\CLion\ch-0\203.7717.62\bin\cmake\win\bin\cmake.exe -E vs_link_exe --intdir=CMakeFiles\cmTC_4a8e2.dir --rc=C:\PROGRA~2\WI3CF2~1\10\bin\100177~1.0\x86\rc.exe --mt=C:\PROGRA~2\WI3CF2~1\10\bin\100177~1.0\x86\mt.exe --manifests  -- C:\PROGRA~2\MICROS~3\2017\BUILDT~1\VC\Tools\MSVC\1416~1.270\bin\Hostx86\x86\link.exe /nologo @CMakeFiles\cmTC_4a8e2.dir\objects1.rsp @C:\Users\shako\AppData\Local\Temp\nmC209.tmp



Detecting C compiler ABI info compiled with the following output:
Change Dir: C:/Users/shako/CLionProjects/odd_even_counts/cmake-build-debug/CMakeFiles/CMakeTmp

Run Build Command(s):nmake /nologo cmTC_6dd18\fast && 	"C:\Program Files (x86)\Microsoft Visual Studio\2017\BuildTools\VC\Tools\MSVC\14.16.27023\bin\HostX86\x86\nmake.exe"  -f CMakeFiles\cmTC_6dd18.dir\build.make /nologo -L                  CMakeFiles\cmTC_6dd18.dir\build
Building C object CMakeFiles/cmTC_6dd18.dir/CMakeCCompilerABI.c.obj
	C:\PROGRA~2\MICROS~3\2017\BUILDT~1\VC\Tools\MSVC\1416~1.270\bin\Hostx86\x86\cl.exe @C:\Users\shako\AppData\Local\Temp\nmC60F.tmp
CMakeCCompilerABI.c
Linking C executable cmTC_6dd18.exe
	C:\Users\shako\AppData\Local\JetBrains\Toolbox\apps\CLion\ch-0\203.7717.62\bin\cmake\win\bin\cmake.exe -E vs_link_exe --intdir=CMakeFiles\cmTC_6dd18.dir --rc=C:\PROGRA~2\WI3CF2~1\10\bin\100177~1.0\x86\rc.exe --mt=C:\PROGRA~2\WI3CF2~1\10\bin\100177~1.0\x86\mt.exe --manifests  -- C:\PROGRA~2\MICROS~3\2017\BUILDT~1\VC\Tools\MSVC\1416~1.270\bin\Hostx86\x86\link.exe /nologo @CMakeFiles\cmTC_6dd18.dir\objects1.rsp @C:\Users\shako\AppData\Local\Temp\nmC68D.tmp



